<?xml version="1.0" encoding="UTF-8"?>
<!-- Generated by org.testng.reporters.JUnitXMLReporter -->
<testsuite hostname="XIPL9137.local" ignored="6" name="Surefire test" tests="1" failures="1" timestamp="12 Nov 2018 21:27:25 GMT" time="73.209" errors="0">
  <testcase name="testLogin" time="71.016" classname="com.test.slack.test.TestSlack">
    <failure type="org.openqa.selenium.NoSuchElementException" message="An element could not be located on the page using the given search parameters. (WARNING: The server did not provide any stacktrace information)
Command duration or timeout: 0 milliseconds
For documentation on this error, please visit: http://seleniumhq.org/exceptions/no_such_element.html
Build info: version: &amp;apos;3.12.0&amp;apos;, revision: &amp;apos;7c6e0b3&amp;apos;, time: &amp;apos;2018-05-08T14:04:26.12Z&amp;apos;
System info: host: &amp;apos;XIPL9137.local&amp;apos;, ip: &amp;apos;fe80:0:0:0:32:1ac4:3700:306%en0&amp;apos;, os.name: &amp;apos;Mac OS X&amp;apos;, os.arch: &amp;apos;x86_64&amp;apos;, os.version: &amp;apos;10.13.6&amp;apos;, java.version: &amp;apos;1.8.0_191&amp;apos;
Driver info: io.appium.java_client.android.AndroidDriver
Capabilities {app: /Users/vikasthange/Desktop/..., appPackage: com.Slack, appWaitActivity: *, appWaitDuration: 30000, autoGrantPermissions: true, automationName: UiAutomator2, databaseEnabled: false, desired: {app: /Users/vikasthange/Desktop/..., appWaitActivity: *, appWaitDuration: 30000, autoGrantPermissions: true, automationName: UiAutomator2, deviceName: ANDROID, fullReset: true, maxTypingFrequency: 5, newCommandTimeout: 500, platformName: Android, systemPort: 8201, udid: emulator-5556}, deviceApiLevel: 28, deviceManufacturer: Google, deviceModel: Android SDK built for x86, deviceName: emulator-5556, deviceScreenDensity: 420, deviceScreenSize: 1080x1920, deviceUDID: emulator-5556, fullReset: true, javascriptEnabled: true, locationContextEnabled: false, maxTypingFrequency: 5, networkConnectionEnabled: true, newCommandTimeout: 500, pixelRatio: 2.625, platform: LINUX, platformName: Android, platformVersion: 9, statBarHeight: 63, systemPort: 8201, takesScreenshot: true, udid: emulator-5556, viewportRect: {height: 1731, left: 0, top: 63, width: 1080}, warnings: {}, webStorageEnabled: false}
Session ID: 6c033502-fd88-4722-8b5b-92e91949d161
*** Element info: {Using=id, value=com.Slack:id/next_button_url_entry}">
      <![CDATA[org.openqa.selenium.NoSuchElementException: An element could not be located on the page using the given search parameters. (WARNING: The server did not provide any stacktrace information)Command duration or timeout: 0 millisecondsFor documentation on this error, please visit: http://seleniumhq.org/exceptions/no_such_element.htmlBuild info: version: '3.12.0', revision: '7c6e0b3', time: '2018-05-08T14:04:26.12Z'System info: host: 'XIPL9137.local', ip: 'fe80:0:0:0:32:1ac4:3700:306%en0', os.name: 'Mac OS X', os.arch: 'x86_64', os.version: '10.13.6', java.version: '1.8.0_191'Driver info: io.appium.java_client.android.AndroidDriverCapabilities {app: /Users/vikasthange/Desktop/..., appPackage: com.Slack, appWaitActivity: *, appWaitDuration: 30000, autoGrantPermissions: true, automationName: UiAutomator2, databaseEnabled: false, desired: {app: /Users/vikasthange/Desktop/..., appWaitActivity: *, appWaitDuration: 30000, autoGrantPermissions: true, automationName: UiAutomator2, deviceName: ANDROID, fullReset: true, maxTypingFrequency: 5, newCommandTimeout: 500, platformName: Android, systemPort: 8201, udid: emulator-5556}, deviceApiLevel: 28, deviceManufacturer: Google, deviceModel: Android SDK built for x86, deviceName: emulator-5556, deviceScreenDensity: 420, deviceScreenSize: 1080x1920, deviceUDID: emulator-5556, fullReset: true, javascriptEnabled: true, locationContextEnabled: false, maxTypingFrequency: 5, networkConnectionEnabled: true, newCommandTimeout: 500, pixelRatio: 2.625, platform: LINUX, platformName: Android, platformVersion: 9, statBarHeight: 63, systemPort: 8201, takesScreenshot: true, udid: emulator-5556, viewportRect: {height: 1731, left: 0, top: 63, width: 1080}, warnings: {}, webStorageEnabled: false}Session ID: 6c033502-fd88-4722-8b5b-92e91949d161*** Element info: {Using=id, value=com.Slack:id/next_button_url_entry}at org.openqa.selenium.remote.ErrorHandler.createThrowable(ErrorHandler.java:214)at org.openqa.selenium.remote.ErrorHandler.throwIfResponseFailed(ErrorHandler.java:166)at org.openqa.selenium.remote.http.JsonHttpResponseCodec.reconstructValue(JsonHttpResponseCodec.java:40)at org.openqa.selenium.remote.http.AbstractHttpResponseCodec.decode(AbstractHttpResponseCodec.java:80)at org.openqa.selenium.remote.http.AbstractHttpResponseCodec.decode(AbstractHttpResponseCodec.java:44)at org.openqa.selenium.remote.HttpCommandExecutor.execute(HttpCommandExecutor.java:158)at io.appium.java_client.remote.AppiumCommandExecutor.execute(AppiumCommandExecutor.java:231)at org.openqa.selenium.remote.RemoteWebDriver.execute(RemoteWebDriver.java:543)at io.appium.java_client.DefaultGenericMobileDriver.execute(DefaultGenericMobileDriver.java:42)at io.appium.java_client.AppiumDriver.execute(AppiumDriver.java:1)at io.appium.java_client.android.AndroidDriver.execute(AndroidDriver.java:1)at org.openqa.selenium.remote.RemoteWebDriver.findElement(RemoteWebDriver.java:317)at io.appium.java_client.DefaultGenericMobileDriver.findElement(DefaultGenericMobileDriver.java:62)at io.appium.java_client.AppiumDriver.findElement(AppiumDriver.java:1)at io.appium.java_client.android.AndroidDriver.findElement(AndroidDriver.java:1)at org.openqa.selenium.remote.RemoteWebDriver.findElementById(RemoteWebDriver.java:363)at io.appium.java_client.DefaultGenericMobileDriver.findElementById(DefaultGenericMobileDriver.java:70)at io.appium.java_client.AppiumDriver.findElementById(AppiumDriver.java:1)at io.appium.java_client.android.AndroidDriver.findElementById(AndroidDriver.java:1)at org.openqa.selenium.By$ById.findElement(By.java:188)at org.openqa.selenium.remote.RemoteWebDriver.findElement(RemoteWebDriver.java:309)at io.appium.java_client.DefaultGenericMobileDriver.findElement(DefaultGenericMobileDriver.java:58)at io.appium.java_client.AppiumDriver.findElement(AppiumDriver.java:1)at io.appium.java_client.android.AndroidDriver.findElement(AndroidDriver.java:1)at org.openqa.selenium.support.pagefactory.DefaultElementLocator.findElement(DefaultElementLocator.java:69)at org.openqa.selenium.support.pagefactory.internal.LocatingElementHandler.invoke(LocatingElementHandler.java:38)at com.sun.proxy.$Proxy10.click(Unknown Source)at com.framework.core.Page.click(Page.java:42)at com.test.slack.screens.LoginScreen.tapNextButtonFromEnterTeamUrlScreen(LoginScreen.java:78)at com.test.slack.test.TestSlack.testLogin(TestSlack.java:41)... Removed 32 stack frames]]>
    </failure>
  </testcase> <!-- testLogin -->
  <testcase name="testAppVersion" time="0.0" classname="com.test.slack.test.TestSlack">
    <ignored/>
  </testcase> <!-- testAppVersion -->
  <testcase name="pullApkFromDeviceToMachine" time="0.0" classname="com.test.slack.test.TestSlack">
    <ignored/>
  </testcase> <!-- pullApkFromDeviceToMachine -->
  <testcase name="testEditProfile1" time="0.0" classname="com.test.slack.test.TestSlack">
    <ignored/>
  </testcase> <!-- testEditProfile1 -->
  <testcase name="testEditProfile" time="0.0" classname="com.test.slack.test.TestSlack">
    <ignored/>
  </testcase> <!-- testEditProfile -->
  <testcase name="testEditProfile2" time="0.0" classname="com.test.slack.test.TestSlack">
    <ignored/>
  </testcase> <!-- testEditProfile2 -->
  <testcase name="testLogin1" time="0.0" classname="com.test.slack.test.TestSlack">
    <ignored/>
  </testcase> <!-- testLogin1 -->
</testsuite> <!-- Surefire test -->
