<?xml version="1.0" encoding="UTF-8"?>
<testng-results skipped="0" failed="0" ignored="6" total="7" passed="1">
  <reporter-output>
  </reporter-output>
  <suite name="Surefire suite" duration-ms="54401" started-at="2018-11-27T19:37:40Z" finished-at="2018-11-27T19:38:34Z">
    <groups>
    </groups>
    <test name="Surefire test" duration-ms="54401" started-at="2018-11-27T19:37:40Z" finished-at="2018-11-27T19:38:34Z">
      <class name="com.test.slack.test.TestSlack">
        <test-method status="PASS" signature="beforeSuite()[pri:0, instance:com.test.slack.test.TestSlack@724af044]" name="beforeSuite" is-config="true" duration-ms="10" started-at="2018-11-28T01:07:40Z" finished-at="2018-11-28T01:07:40Z">
          <reporter-output>
          </reporter-output>
        </test-method> <!-- beforeSuite -->
        <test-method status="PASS" signature="startServer()[pri:0, instance:com.test.slack.test.TestSlack@724af044]" name="startServer" is-config="true" duration-ms="0" started-at="2018-11-28T01:07:40Z" finished-at="2018-11-28T01:07:40Z">
          <reporter-output>
          </reporter-output>
        </test-method> <!-- startServer -->
        <test-method status="PASS" signature="beforeClass()[pri:0, instance:com.test.slack.test.TestSlack@724af044]" name="beforeClass" is-config="true" duration-ms="0" started-at="2018-11-28T01:07:40Z" finished-at="2018-11-28T01:07:40Z">
          <reporter-output>
          </reporter-output>
        </test-method> <!-- beforeClass -->
        <test-method status="PASS" signature="beforeMethod()[pri:0, instance:com.test.slack.test.TestSlack@724af044]" name="beforeMethod" is-config="true" duration-ms="0" started-at="2018-11-28T01:07:40Z" finished-at="2018-11-28T01:07:40Z">
          <reporter-output>
          </reporter-output>
        </test-method> <!-- beforeMethod -->
        <test-method status="PASS" signature="testLogin1()[pri:0, instance:com.test.slack.test.TestSlack@724af044]" name="testLogin1" duration-ms="53397" started-at="2018-11-28T01:07:40Z" finished-at="2018-11-28T01:08:33Z">
          <reporter-output>
          </reporter-output>
        </test-method> <!-- testLogin1 -->
        <test-method status="PASS" signature="logTestMethodEnded()[pri:0, instance:com.test.slack.test.TestSlack@724af044]" name="logTestMethodEnded" is-config="true" duration-ms="1" started-at="2018-11-28T01:08:33Z" finished-at="2018-11-28T01:08:33Z">
          <reporter-output>
          </reporter-output>
        </test-method> <!-- logTestMethodEnded -->
        <test-method status="PASS" signature="stopServer()[pri:0, instance:com.test.slack.test.TestSlack@724af044]" name="stopServer" is-config="true" duration-ms="984" started-at="2018-11-28T01:08:33Z" finished-at="2018-11-28T01:08:34Z">
          <reporter-output>
          </reporter-output>
        </test-method> <!-- stopServer -->
        <test-method status="PASS" signature="afterClass()[pri:0, instance:com.test.slack.test.TestSlack@724af044]" name="afterClass" is-config="true" duration-ms="0" started-at="2018-11-28T01:08:34Z" finished-at="2018-11-28T01:08:34Z">
          <reporter-output>
          </reporter-output>
        </test-method> <!-- afterClass -->
      </class> <!-- com.test.slack.test.TestSlack -->
    </test> <!-- Surefire test -->
  </suite> <!-- Surefire suite -->
</testng-results>
