<?xml version="1.0" encoding="UTF-8"?>
<testng-results skipped="0" failed="1" ignored="6" total="7" passed="0">
  <reporter-output>
  </reporter-output>
  <suite name="Surefire suite" duration-ms="73209" started-at="2018-11-12T21:26:12Z" finished-at="2018-11-12T21:27:25Z">
    <groups>
    </groups>
    <test name="Surefire test" duration-ms="73209" started-at="2018-11-12T21:26:12Z" finished-at="2018-11-12T21:27:25Z">
      <class name="com.test.slack.test.TestSlack">
        <test-method status="PASS" signature="beforeSuite()[pri:0, instance:com.test.slack.test.TestSlack@724af044]" name="beforeSuite" is-config="true" duration-ms="11" started-at="2018-11-13T02:56:12Z" finished-at="2018-11-13T02:56:12Z">
          <reporter-output>
          </reporter-output>
        </test-method> <!-- beforeSuite -->
        <test-method status="PASS" signature="beforeClass()[pri:0, instance:com.test.slack.test.TestSlack@724af044]" name="beforeClass" is-config="true" duration-ms="1" started-at="2018-11-13T02:56:12Z" finished-at="2018-11-13T02:56:12Z">
          <reporter-output>
          </reporter-output>
        </test-method> <!-- beforeClass -->
        <test-method status="PASS" signature="startServer()[pri:0, instance:com.test.slack.test.TestSlack@724af044]" name="startServer" is-config="true" duration-ms="0" started-at="2018-11-13T02:56:12Z" finished-at="2018-11-13T02:56:12Z">
          <reporter-output>
          </reporter-output>
        </test-method> <!-- startServer -->
        <test-method status="PASS" signature="beforeMethod()[pri:0, instance:com.test.slack.test.TestSlack@724af044]" name="beforeMethod" is-config="true" duration-ms="0" started-at="2018-11-13T02:56:12Z" finished-at="2018-11-13T02:56:12Z">
          <reporter-output>
          </reporter-output>
        </test-method> <!-- beforeMethod -->
        <test-method status="FAIL" signature="testLogin()[pri:0, instance:com.test.slack.test.TestSlack@724af044]" name="testLogin" duration-ms="71016" started-at="2018-11-13T02:56:12Z" finished-at="2018-11-13T02:57:23Z">
          <exception class="org.openqa.selenium.NoSuchElementException">
            <message>
              <![CDATA[An element could not be located on the page using the given search parameters. (WARNING: The server did not provide any stacktrace information)Command duration or timeout: 0 millisecondsFor documentation on this error, please visit: http://seleniumhq.org/exceptions/no_such_element.htmlBuild info: version: '3.12.0', revision: '7c6e0b3', time: '2018-05-08T14:04:26.12Z'System info: host: 'XIPL9137.local', ip: 'fe80:0:0:0:32:1ac4:3700:306%en0', os.name: 'Mac OS X', os.arch: 'x86_64', os.version: '10.13.6', java.version: '1.8.0_191'Driver info: io.appium.java_client.android.AndroidDriverCapabilities {app: /Users/vikasthange/Desktop/..., appPackage: com.Slack, appWaitActivity: *, appWaitDuration: 30000, autoGrantPermissions: true, automationName: UiAutomator2, databaseEnabled: false, desired: {app: /Users/vikasthange/Desktop/..., appWaitActivity: *, appWaitDuration: 30000, autoGrantPermissions: true, automationName: UiAutomator2, deviceName: ANDROID, fullReset: true, maxTypingFrequency: 5, newCommandTimeout: 500, platformName: Android, systemPort: 8201, udid: emulator-5556}, deviceApiLevel: 28, deviceManufacturer: Google, deviceModel: Android SDK built for x86, deviceName: emulator-5556, deviceScreenDensity: 420, deviceScreenSize: 1080x1920, deviceUDID: emulator-5556, fullReset: true, javascriptEnabled: true, locationContextEnabled: false, maxTypingFrequency: 5, networkConnectionEnabled: true, newCommandTimeout: 500, pixelRatio: 2.625, platform: LINUX, platformName: Android, platformVersion: 9, statBarHeight: 63, systemPort: 8201, takesScreenshot: true, udid: emulator-5556, viewportRect: {height: 1731, left: 0, top: 63, width: 1080}, warnings: {}, webStorageEnabled: false}Session ID: 6c033502-fd88-4722-8b5b-92e91949d161*** Element info: {Using=id, value=com.Slack:id/next_button_url_entry}]]>
            </message>
            <full-stacktrace>
              <![CDATA[org.openqa.selenium.NoSuchElementException: An element could not be located on the page using the given search parameters. (WARNING: The server did not provide any stacktrace information)Command duration or timeout: 0 millisecondsFor documentation on this error, please visit: http://seleniumhq.org/exceptions/no_such_element.htmlBuild info: version: '3.12.0', revision: '7c6e0b3', time: '2018-05-08T14:04:26.12Z'System info: host: 'XIPL9137.local', ip: 'fe80:0:0:0:32:1ac4:3700:306%en0', os.name: 'Mac OS X', os.arch: 'x86_64', os.version: '10.13.6', java.version: '1.8.0_191'Driver info: io.appium.java_client.android.AndroidDriverCapabilities {app: /Users/vikasthange/Desktop/..., appPackage: com.Slack, appWaitActivity: *, appWaitDuration: 30000, autoGrantPermissions: true, automationName: UiAutomator2, databaseEnabled: false, desired: {app: /Users/vikasthange/Desktop/..., appWaitActivity: *, appWaitDuration: 30000, autoGrantPermissions: true, automationName: UiAutomator2, deviceName: ANDROID, fullReset: true, maxTypingFrequency: 5, newCommandTimeout: 500, platformName: Android, systemPort: 8201, udid: emulator-5556}, deviceApiLevel: 28, deviceManufacturer: Google, deviceModel: Android SDK built for x86, deviceName: emulator-5556, deviceScreenDensity: 420, deviceScreenSize: 1080x1920, deviceUDID: emulator-5556, fullReset: true, javascriptEnabled: true, locationContextEnabled: false, maxTypingFrequency: 5, networkConnectionEnabled: true, newCommandTimeout: 500, pixelRatio: 2.625, platform: LINUX, platformName: Android, platformVersion: 9, statBarHeight: 63, systemPort: 8201, takesScreenshot: true, udid: emulator-5556, viewportRect: {height: 1731, left: 0, top: 63, width: 1080}, warnings: {}, webStorageEnabled: false}Session ID: 6c033502-fd88-4722-8b5b-92e91949d161*** Element info: {Using=id, value=com.Slack:id/next_button_url_entry}at sun.reflect.GeneratedConstructorAccessor12.newInstance(Unknown Source)at sun.reflect.DelegatingConstructorAccessorImpl.newInstance(DelegatingConstructorAccessorImpl.java:45)at java.lang.reflect.Constructor.newInstance(Constructor.java:423)at org.openqa.selenium.remote.ErrorHandler.createThrowable(ErrorHandler.java:214)at org.openqa.selenium.remote.ErrorHandler.throwIfResponseFailed(ErrorHandler.java:166)at org.openqa.selenium.remote.http.JsonHttpResponseCodec.reconstructValue(JsonHttpResponseCodec.java:40)at org.openqa.selenium.remote.http.AbstractHttpResponseCodec.decode(AbstractHttpResponseCodec.java:80)at org.openqa.selenium.remote.http.AbstractHttpResponseCodec.decode(AbstractHttpResponseCodec.java:44)at org.openqa.selenium.remote.HttpCommandExecutor.execute(HttpCommandExecutor.java:158)at io.appium.java_client.remote.AppiumCommandExecutor.execute(AppiumCommandExecutor.java:231)at org.openqa.selenium.remote.RemoteWebDriver.execute(RemoteWebDriver.java:543)at io.appium.java_client.DefaultGenericMobileDriver.execute(DefaultGenericMobileDriver.java:42)at io.appium.java_client.AppiumDriver.execute(AppiumDriver.java:1)at io.appium.java_client.android.AndroidDriver.execute(AndroidDriver.java:1)at org.openqa.selenium.remote.RemoteWebDriver.findElement(RemoteWebDriver.java:317)at io.appium.java_client.DefaultGenericMobileDriver.findElement(DefaultGenericMobileDriver.java:62)at io.appium.java_client.AppiumDriver.findElement(AppiumDriver.java:1)at io.appium.java_client.android.AndroidDriver.findElement(AndroidDriver.java:1)at org.openqa.selenium.remote.RemoteWebDriver.findElementById(RemoteWebDriver.java:363)at io.appium.java_client.DefaultGenericMobileDriver.findElementById(DefaultGenericMobileDriver.java:70)at io.appium.java_client.AppiumDriver.findElementById(AppiumDriver.java:1)at io.appium.java_client.android.AndroidDriver.findElementById(AndroidDriver.java:1)at org.openqa.selenium.By$ById.findElement(By.java:188)at org.openqa.selenium.remote.RemoteWebDriver.findElement(RemoteWebDriver.java:309)at io.appium.java_client.DefaultGenericMobileDriver.findElement(DefaultGenericMobileDriver.java:58)at io.appium.java_client.AppiumDriver.findElement(AppiumDriver.java:1)at io.appium.java_client.android.AndroidDriver.findElement(AndroidDriver.java:1)at org.openqa.selenium.support.pagefactory.DefaultElementLocator.findElement(DefaultElementLocator.java:69)at org.openqa.selenium.support.pagefactory.internal.LocatingElementHandler.invoke(LocatingElementHandler.java:38)at com.sun.proxy.$Proxy10.click(Unknown Source)at com.framework.core.Page.click(Page.java:42)at com.test.slack.screens.LoginScreen.tapNextButtonFromEnterTeamUrlScreen(LoginScreen.java:78)at com.test.slack.test.TestSlack.testLogin(TestSlack.java:41)at sun.reflect.NativeMethodAccessorImpl.invoke0(Native Method)at sun.reflect.NativeMethodAccessorImpl.invoke(NativeMethodAccessorImpl.java:62)at sun.reflect.DelegatingMethodAccessorImpl.invoke(DelegatingMethodAccessorImpl.java:43)at java.lang.reflect.Method.invoke(Method.java:498)at org.testng.internal.MethodInvocationHelper.invokeMethod(MethodInvocationHelper.java:124)at org.testng.internal.Invoker.invokeMethod(Invoker.java:571)at org.testng.internal.Invoker.invokeTestMethod(Invoker.java:707)at org.testng.internal.Invoker.invokeTestMethods(Invoker.java:979)at org.testng.internal.TestMethodWorker.invokeTestMethods(TestMethodWorker.java:125)at org.testng.internal.TestMethodWorker.run(TestMethodWorker.java:109)at org.testng.TestRunner.privateRun(TestRunner.java:648)at org.testng.TestRunner.run(TestRunner.java:505)at org.testng.SuiteRunner.runTest(SuiteRunner.java:455)at org.testng.SuiteRunner.runSequentially(SuiteRunner.java:450)at org.testng.SuiteRunner.privateRun(SuiteRunner.java:415)at org.testng.SuiteRunner.run(SuiteRunner.java:364)at org.testng.SuiteRunnerWorker.runSuite(SuiteRunnerWorker.java:52)at org.testng.SuiteRunnerWorker.run(SuiteRunnerWorker.java:84)at org.testng.TestNG.runSuitesSequentially(TestNG.java:1187)at org.testng.TestNG.runSuitesLocally(TestNG.java:1116)at org.testng.TestNG.runSuites(TestNG.java:1028)at org.testng.TestNG.run(TestNG.java:996)at org.apache.maven.surefire.testng.TestNGExecutor.run(TestNGExecutor.java:135)at org.apache.maven.surefire.testng.TestNGDirectoryTestSuite.executeSingleClass(TestNGDirectoryTestSuite.java:112)at org.apache.maven.surefire.testng.TestNGDirectoryTestSuite.execute(TestNGDirectoryTestSuite.java:99)at org.apache.maven.surefire.testng.TestNGProvider.invoke(TestNGProvider.java:146)at org.apache.maven.surefire.booter.ForkedBooter.invokeProviderInSameClassLoader(ForkedBooter.java:386)at org.apache.maven.surefire.booter.ForkedBooter.runSuitesInProcess(ForkedBooter.java:323)at org.apache.maven.surefire.booter.ForkedBooter.main(ForkedBooter.java:143)]]>
            </full-stacktrace>
          </exception> <!-- org.openqa.selenium.NoSuchElementException -->
          <reporter-output>
          </reporter-output>
        </test-method> <!-- testLogin -->
        <test-method status="PASS" signature="stopServer()[pri:0, instance:com.test.slack.test.TestSlack@724af044]" name="stopServer" is-config="true" duration-ms="2158" started-at="2018-11-13T02:57:23Z" finished-at="2018-11-13T02:57:25Z">
          <reporter-output>
          </reporter-output>
        </test-method> <!-- stopServer -->
        <test-method status="PASS" signature="logTestMethodEnded()[pri:0, instance:com.test.slack.test.TestSlack@724af044]" name="logTestMethodEnded" is-config="true" duration-ms="0" started-at="2018-11-13T02:57:23Z" finished-at="2018-11-13T02:57:23Z">
          <reporter-output>
          </reporter-output>
        </test-method> <!-- logTestMethodEnded -->
        <test-method status="PASS" signature="afterClass()[pri:0, instance:com.test.slack.test.TestSlack@724af044]" name="afterClass" is-config="true" duration-ms="1" started-at="2018-11-13T02:57:25Z" finished-at="2018-11-13T02:57:25Z">
          <reporter-output>
          </reporter-output>
        </test-method> <!-- afterClass -->
      </class> <!-- com.test.slack.test.TestSlack -->
    </test> <!-- Surefire test -->
  </suite> <!-- Surefire suite -->
</testng-results>
