<?xml version="1.0" encoding="UTF-8"?>
<testsuite xmlns:xsi="http://www.w3.org/2001/XMLSchema-instance" xsi:noNamespaceSchemaLocation="https://maven.apache.org/surefire/maven-surefire-plugin/xsd/surefire-test-report.xsd" name="com.test.slack.test.TestSlack" time="64.422" tests="1" errors="0" skipped="0" failures="1">
  <properties>
[...]
</properties>
  <testcase name="testLogin" classname="com.test.slack.test.TestSlack" time="60.829">
    <failure message="An element could not be located on the page using the given search parameters. (WARNING: The server did not provide any stacktrace information)&#10;Command duration or timeout: 0 milliseconds&#10;For documentation on this error, please visit: http://seleniumhq.org/exceptions/no_such_element.html&#10;Build info: version: &apos;3.12.0&apos;, revision: &apos;7c6e0b3&apos;, time: &apos;2018-05-08T14:04:26.12Z&apos;&#10;System info: host: &apos;XIPL9137.local&apos;, ip: &apos;fe80:0:0:0:4ef:c730:fd1:3ec5%en0&apos;, os.name: &apos;Mac OS X&apos;, os.arch: &apos;x86_64&apos;, os.version: &apos;10.13.6&apos;, java.version: &apos;1.8.0_191&apos;&#10;Driver info: io.appium.java_client.android.AndroidDriver&#10;Capabilities {app: /Users/vikasthange/Desktop/..., appPackage: com.Slack, appWaitActivity: *, appWaitDuration: 30000, autoGrantPermissions: true, automationName: UiAutomator2, databaseEnabled: false, desired: {app: /Users/vikasthange/Desktop/..., appWaitActivity: *, appWaitDuration: 30000, autoGrantPermissions: true, automationName: UiAutomator2, deviceName: ANDROID, fullReset: true, newCommandTimeout: 500, platformName: Android}, deviceApiLevel: 28, deviceManufacturer: Google, deviceModel: Android SDK built for x86, deviceName: emulator-5554, deviceScreenDensity: 420, deviceScreenSize: 1080x1920, deviceUDID: emulator-5554, fullReset: true, javascriptEnabled: true, locationContextEnabled: false, networkConnectionEnabled: true, newCommandTimeout: 500, pixelRatio: 2.625, platform: LINUX, platformName: Android, platformVersion: 9, statBarHeight: 63, takesScreenshot: true, viewportRect: {height: 1731, left: 0, top: 63, width: 1080}, warnings: {}, webStorageEnabled: false}&#10;Session ID: 5b6f6c22-274a-4440-9aee-bccbb3e95d5c&#10;*** Element info: {Using=id, value=com.Slack:id/next_button_url_entry}" type="org.openqa.selenium.NoSuchElementException">org.openqa.selenium.NoSuchElementException: 
An element could not be located on the page using the given search parameters. (WARNING: The server did not provide any stacktrace information)
Command duration or timeout: 0 milliseconds
For documentation on this error, please visit: http://seleniumhq.org/exceptions/no_such_element.html
Build info: version: '3.12.0', revision: '7c6e0b3', time: '2018-05-08T14:04:26.12Z'
System info: host: 'XIPL9137.local', ip: 'fe80:0:0:0:4ef:c730:fd1:3ec5%en0', os.name: 'Mac OS X', os.arch: 'x86_64', os.version: '10.13.6', java.version: '1.8.0_191'
Driver info: io.appium.java_client.android.AndroidDriver
Capabilities {app: /Users/vikasthange/Desktop/..., appPackage: com.Slack, appWaitActivity: *, appWaitDuration: 30000, autoGrantPermissions: true, automationName: UiAutomator2, databaseEnabled: false, desired: {app: /Users/vikasthange/Desktop/..., appWaitActivity: *, appWaitDuration: 30000, autoGrantPermissions: true, automationName: UiAutomator2, deviceName: ANDROID, fullReset: true, newCommandTimeout: 500, platformName: Android}, deviceApiLevel: 28, deviceManufacturer: Google, deviceModel: Android SDK built for x86, deviceName: emulator-5554, deviceScreenDensity: 420, deviceScreenSize: 1080x1920, deviceUDID: emulator-5554, fullReset: true, javascriptEnabled: true, locationContextEnabled: false, networkConnectionEnabled: true, newCommandTimeout: 500, pixelRatio: 2.625, platform: LINUX, platformName: Android, platformVersion: 9, statBarHeight: 63, takesScreenshot: true, viewportRect: {height: 1731, left: 0, top: 63, width: 1080}, warnings: {}, webStorageEnabled: false}
Session ID: 5b6f6c22-274a-4440-9aee-bccbb3e95d5c
*** Element info: {Using=id, value=com.Slack:id/next_button_url_entry}
	at com.test.slack.test.TestSlack.testLogin(TestSlack.java:42)
</failure>
    <system-out><![CDATA[&amp#27;[35m[Appium]&amp#27;[39m Appium support for versions of node < 8 has been deprecated and will be removed in a future version. Please upgrade!
&amp#27;[35m[Appium]&amp#27;[39m Welcome to Appium v1.9.0
&amp#27;[35m[HTTP]&amp#27;[39m Could not start REST http interface listener. The requested port may already be in use. Please make sure there is no other instance of this server running already.
Fatal Error: listen EADDRINUSE 0.0.0.0:4723
    at Object.exports._errnoException (util.js:1022:11)
    at exports._exceptionWithHostPort (util.js:1045:20)
    at Server._listen2 (net.js:1262:14)
    at listen (net.js:1298:10)
    at doListening (net.js:1397:7)
    at _combinedTickCallback (internal/process/next_tick.js:77:11)
    at process._tickCallback (internal/process/next_tick.js:98:9)
&amp#27;[35m[Appium]&amp#27;[39m Appium support for versions of node < 8 has been deprecated and will be removed in a future version. Please upgrade!
&amp#27;[35m[Appium]&amp#27;[39m Welcome to Appium v1.9.0
&amp#27;[35m[HTTP]&amp#27;[39m Could not start REST http interface listener. The requested port may already be in use. Please make sure there is no other instance of this server running already.
Fatal Error: listen EADDRINUSE 0.0.0.0:4723
    at Object.exports._errnoException (util.js:1022:11)
    at exports._exceptionWithHostPort (util.js:1045:20)
    at Server._listen2 (net.js:1262:14)
    at listen (net.js:1298:10)
    at doListening (net.js:1397:7)
    at _combinedTickCallback (internal/process/next_tick.js:77:11)
    at process._tickCallback (internal/process/next_tick.js:98:9)
]]></system-out>
    <system-err><![CDATA[Nov 07, 2018 1:49:37 AM io.appium.java_client.remote.AppiumCommandExecutor$1 lambda$0
INFO: Detected dialect: OSS
log4j:WARN No appenders could be found for logger (com.framework.core.Page).
log4j:WARN Please initialize the log4j system properly.
log4j:WARN See http://logging.apache.org/log4j/1.2/faq.html#noconfig for more info.
]]></system-err>
  </testcase>
</testsuite>